make all --print-data-base --no-builtin-variables --no-builtin-rules --question
# GNU Make 3.81
# Copyright (C) 2006  Free Software Foundation, Inc.
# This is free software; see the source for copying conditions.
# There is NO warranty; not even for MERCHANTABILITY or FITNESS FOR A
# PARTICULAR PURPOSE.

# This program built for i386-apple-darwin11.3.0
 

# Make data base, printed on Thu Oct 26 16:41:07 2023

# Variables

# automatic
<D = $(patsubst %/,%,$(dir $<))
# automatic
?F = $(notdir $?)
# environment
VSCODE_CRASH_REPORTER_PROCESS_TYPE = extensionHost
# automatic
?D = $(patsubst %/,%,$(dir $?))
# makefile (from `Makefile', line 10)
INCLUDES = cube.h 
# automatic
@D = $(patsubst %/,%,$(dir $@))
# automatic
@F = $(notdir $@)
 
# makefile
CURDIR := /goinfre/hbouhach/cub3d
# makefile
SHELL = /bin/sh
# environment
VSCODE_NLS_CONFIG = {"locale":"en-us","osLocale":"en","availableLanguages":{},"_languagePackSupport":true}
# environment
_ = /usr/bin/make
# makefile (from `Makefile', line 13)
CFLAGS = -Wall -Wextra -Werror
# makefile (from `Makefile', line 1)
MAKEFILE_LIST :=  Makefile
# makefile (from `Makefile', line 3)
SOURCES = cube.c ray_wizard.c renderer.c cross_hooks.c 
# environment
VSCODE_CWD = /
# environment
PATH = /Users/hbouhach/.brew/lib/ruby/gems/3.1.0/bin:/Applications/Visual Studio Code.app/Contents/Resources/app/bin:/Users/hbouhach/.brew/opt/ruby/bin:/goinfre/hbouhach/.brew/opt/ruby/bin:/Users/hbouhach/.brew/bin:/Users/hbouhach/goinfre/.brew/bin:/usr/local/bin:/usr/bin:/bin:/usr/sbin:/sbin:/usr/local/munki:/Library/Apple/usr/bin:/Users/hbouhach/Library/Python/3.8/bin:/Users/hbouhach/.cargo/bin
# environment
LaunchInstanceID = D7207651-D5F0-43D6-8819-749D0707BB7B
# environment
ELECTRON_RUN_AS_NODE = 1
# default
.FEATURES := target-specific order-only second-expansion else-if archives jobserver check-symlink
# environment
SSH_AUTH_SOCK = /private/tmp/com.apple.launchd.dp3AtX1rSi/Listeners
# automatic
%F = $(notdir $%)
# environment
HOMEBREW_TEMP = /tmp/hbouhach/Homebrew/Temp
# environment
PWD = /goinfre/hbouhach/cub3d
# environment
ORIGINAL_XDG_CURRENT_DESKTOP = undefined
# environment
VSCODE_AMD_ENTRYPOINT = vs/workbench/api/node/extensionHostProcess
# environment
HOME = /Users/hbouhach
# default
MAKEFILEPATH := /Applications/Xcode.app/Contents/Developer/Makefiles
# environment
VSCODE_CODE_CACHE_PATH = /Users/hbouhach/Library/Application Support/Code/CachedData/f1b07bd25dfad64b0167beb15359ae573aecd2cc
# environment
LOGNAME = hbouhach
# environment
APPLICATION_INSIGHTS_NO_DIAGNOSTIC_CHANNEL = 1
# environment
VSCODE_HANDLES_UNCAUGHT_ERRORS = true
# automatic
^D = $(patsubst %/,%,$(dir $^))
# environment
XPC_FLAGS = 0x0
# default
MAKE = $(MAKE_COMMAND)
# default
MAKECMDGOALS := all
# environment
HOMEBREW_CACHE = /tmp/hbouhach/Homebrew/Caches
# environment
SHLVL = 1
# makefile (from `Makefile', line 14)
LIBFT = libft/libft.a
# makefile (from `Makefile', line 12)
CC = cc
# default
MAKE_VERSION := 3.81
# environment
USER = hbouhach
# makefile
.DEFAULT_GOAL := all
# makefile (from `Makefile', line 1)
NAME = cub3d
# automatic
%D = $(patsubst %/,%,$(dir $%))
# default
MAKE_COMMAND := /Applications/Xcode.app/Contents/Developer/usr/bin/make
# default
.VARIABLES := 
# environment
TMPDIR = /var/folders/zz/zyxvpxvq6csfxvn_n000cjbr0034_y/T/
# automatic
*F = $(notdir $*)
# environment
VSCODE_IPC_HOOK = /Users/hbouhach/Library/Application Support/Code/1.83-main.sock
# environment
MallocNanoZone = 0
# makefile
MAKEFLAGS = Rrqp
# environment
MFLAGS = -Rrqp
# automatic
*D = $(patsubst %/,%,$(dir $*))
# environment
XPC_SERVICE_NAME = com.apple.xpc.launchd.oneshot.0x10000005.Electron
# automatic
+D = $(patsubst %/,%,$(dir $+))
# automatic
+F = $(notdir $+)
# environment
__CF_USER_TEXT_ENCODING = 0x1915E:0x0:0x0
# environment
COMMAND_MODE = unix2003
# default
MAKEFILES := 
# environment
HOMEBREW_NO_AUTO_UPDATE = 1
# automatic
<F = $(notdir $<)
# environment
LC_ALL = C
# environment
SECURITYSESSIONID = 186a5
# automatic
^F = $(notdir $^)
# default
SUFFIXES := 
# makefile (from `Makefile', line 15)
LINEAR = linear_alg/linear_alg.a
# default
.INCLUDE_DIRS = /usr/local/include
# environment
MAKELEVEL := 0
# makefile (from `Makefile', line 8)
OBJECTS = $(SOURCES:.c=.o)
# environment
LANG = C
# environment
VSCODE_PID = 23537
# variable set hash-table stats:
# Load=71/1024=7%, Rehash=0, Collisions=2/102=2%

# Pattern-specific Variable Values

# No pattern-specific variable values.

# Directories

# . (device 16777223, inode 1152921500312610064): 20 files, no impossibilities.

# 20 files, no impossibilities in 1 directories.

# Implicit Rules

%.o: %.c minishell.h
#  commands to execute (from `Makefile', line 26):
	@$(CC) $(CFLAGS) libmlx42.a -Iinclude -I$(shell brew --prefix glfw)/include -c $< -o $@
	@echo "\033[33m$< compiled \033[0m"
	

# 1 implicit rules, 0 (0.0%) terminal.

# Files

all: elderscroll libft linear cub3d
#  Phony target (prerequisite of .PHONY).
#  Command-line target.
#  Implicit rule search has not been done.
#  File does not exist.
#  File has been updated.
#  Needs to be updated (-q is set).
# variable set hash-table stats:
# Load=0/32=0%, Rehash=0, Collisions=0/2=0%
#  commands to execute (from `Makefile', line 17):
	@if [ $$? -eq 0 ]; then \
	echo "\033[3m\033[1m\033[42m\033[31m~~Nothing to be done for 'all' anymore~~\033[0m"; \
	fi 
	

linear:
#  Implicit rule search has not been done.
#  Modification time never checked.
#  File has not been updated.
#  commands to execute (from `Makefile', line 59):
	@make -s -C linear_alg
	@echo "\033[35m$@ have been made \033[0m"
	

.PHONY: all bonus libft clean fclean re
#  Implicit rule search has not been done.
#  Modification time never checked.
#  File has not been updated.

cub3d: cube.o ray_wizard.o renderer.o cross_hooks.o
#  Implicit rule search has not been done.
#  Modification time never checked.
#  File has not been updated.
#  commands to execute (from `Makefile', line 22):
	@cc $(OBJECTS) $(LIBFT) $(LINEAR) libmlx42.a -L$(shell brew --prefix glfw)/lib -lglfw  -o $(NAME)
	@echo "\033[47m\033[30m\033[1m           \`$@ linked\`           \033[0m"
	

libft:
#  Phony target (prerequisite of .PHONY).
#  Implicit rule search has not been done.
#  File does not exist.
#  File has not been updated.
#  commands to execute (from `Makefile', line 63):
	@make -s -C libft bonus
	@echo "\033[35m$@ have been made \033[0m"
	

# Not a target:
.SUFFIXES:
#  Implicit rule search has not been done.
#  Modification time never checked.
#  File has not been updated.

# Not a target:
Makefile:
#  Implicit rule search has been done.
#  Last modified 2023-10-25 16:37:37
#  File has been updated.
#  Successfully updated.
# variable set hash-table stats:
# Load=0/32=0%, Rehash=0, Collisions=0/0=0%

bonus:
#  Phony target (prerequisite of .PHONY).
#  Implicit rule search has not been done.
#  File does not exist.
#  File has not been updated.

fclean: clean
#  Phony target (prerequisite of .PHONY).
#  Implicit rule search has not been done.
#  File does not exist.
#  File has not been updated.
#  commands to execute (from `Makefile', line 72):
	@make -s -C libft fclean
	@rm -f $(NAME)
	@echo "\033[3m\033[1m\033[42m\033[31m~~The directory have been fully wiped~~\033[0m"; \
	

elderscroll:
#  Implicit rule search has not been done.
#  Implicit/static pattern stem: `'
#  File does not exist.
#  File has been updated.
#  Needs to be updated (-q is set).
# automatic
# @ := elderscroll
# automatic
# % := 
# automatic
# * := 
# automatic
# + := 
# automatic
# | := 
# automatic
# < := 
# automatic
# ^ := 
# automatic
# ? := 
# variable set hash-table stats:
# Load=8/32=25%, Rehash=0, Collisions=1/10=10%
#  commands to execute (from `Makefile', line 31):
	@echo '                                             _______________________'
	@echo '   _______________________-------------------                        \'
	@echo ' /:--__                                                              |'
	@echo '||< > |                                   ___________________________/'
	@echo '| \__/_________________-------------------                         |'
	@echo '|                                                                  |'
	@echo ' |                  THE SCROLL OF INFINITE WISDOM                   |'
	@echo ' |                                                                  |'
	@echo ' |       Three Rings for the Elven-kings under the sky,             |'
	@echo '  |        Seven for the Dwarf-lords in their halls of stone,        |'
	@echo '  |      Nine for Mortal Men doomed to die,                          |'
	@echo '  |        One for the Dark Lord on his dark throne                  |'
	@echo '  |      In the Land of Mordor where the Shadows lie.                 |'
	@echo '   |       One Ring to rule them all, One Ring to find them,          |'
	@echo '   |       One Ring to bring them all and in the darkness bind them   |'
 
	@echo '   |     In the Land of Mordor where the Shadows lie.                |'
	@echo '  |                                                                  |'
	@echo '  |                                    -----------------------       |'
	@echo '  |                                  ))Two Heavens && GunDalf ((     |'
	@echo '  |                                    -----------------------       |'
	@echo '  |                                              ____________________|_'
	@echo '  |  ___________________-------------------------                       \'
	@echo '  |/ --_                                                                 |'
	@echo '  ||[ ]||                                            ___________________/'
	@echo '   \===/___________________--------------------------'
	@echo ''
	

# Not a target:
.DEFAULT:
#  Implicit rule search has not been done.
#  Modification time never checked.
#  File has not been updated.

# Not a target:
ray_wizard.o:
#  Implicit rule search has not been done.
#  Modification time never checked.
#  File has not been updated.

re: fclean all
#  Phony target (prerequisite of .PHONY).
#  Implicit rule search has not been done.
#  File does not exist.
#  File has not been updated.

clean:
#  Phony target (prerequisite of .PHONY).
#  Implicit rule search has not been done.
#  File does not exist.
#  File has not been updated.
#  commands to execute (from `Makefile', line 67):
	@rm -f $(OBJECTS)
	@make -s -C libft clean
	@echo "\033[3m\033[1m\033[42m\033[31m~~   The objects have been cleaned   ~~\033[0m"; \
	

# Not a target:
cube.o:
#  Implicit rule search has not been done.
#  Modification time never checked.
#  File has not been updated.

# Not a target:
cross_hooks.o:
#  Implicit rule search has not been done.
#  Modification time never checked.
#  File has not been updated.

# Not a target:
renderer.o:
#  Implicit rule search has not been done.
#  Modification time never checked.
#  File has not been updated.

# files hash-table stats:
# Load=17/1024=2%, Rehash=0, Collisions=0/48=0%
# VPATH Search Paths

# No `vpath' search paths.

# No general (`VPATH' variable) search path.

# # of strings in strcache: 1
# # of strcache buffers: 1
# strcache size: total = 4096 / max = 4096 / min = 4096 / avg = 4096
# strcache free: total = 4087 / max = 4087 / min = 4087 / avg = 4087

# Finished Make data base on Thu Oct 26 16:41:07 2023

 
